<?xml version="1.0" encoding="UTF-8"?>
<!-- Generated by org.testng.reporters.JUnitReportReporter -->
<testsuite hostname="shahnawaz-MS-7817" name="com.Os4ed.DatabaseTesting.DatabaseDemoTesting" tests="1" failures="0" timestamp="25 Aug 2016 12:24:22 GMT" time="0.010" errors="0">
  <testcase name="test" time="0.010" classname="com.Os4ed.DatabaseTesting.DatabaseDemoTesting"/>
</testsuite> <!-- com.Os4ed.DatabaseTesting.DatabaseDemoTesting -->
